[2018/6/23 下午 12:25:46]Aitay INTO THE ROOM
[2018/6/23 下午 12:25:47]YunYun INTO THE ROOM
[2018/6/23 下午 12:25:57]Aitay INTO THE ROOM
[2018/6/23 下午 12:26:11]JIE INTO THE ROOM
[2018/6/23 下午 12:26:12]Aitay INTO THE ROOM
[2018/6/23 下午 12:26:13]YunYun INTO THE ROOM
[2018/6/23 下午 12:26:32]Aitay INTO THE ROOM
[2018/6/23 下午 12:26:44]JIE INTO THE ROOM
[2018/6/23 下午 12:26:47]YunYun INTO THE ROOM
[2018/6/23 下午 12:26:47]Aitay INTO THE ROOM
[2018/6/23 下午 12:26:58]YunYun INTO THE ROOM
[2018/6/23 下午 12:26:58]Aitay INTO THE ROOM
[2018/6/23 下午 12:27:04]JIE INTO THE ROOM
[2018/6/23 下午 12:27:10]Aitay INTO THE ROOM
[2018/6/23 下午 12:27:17]JIE INTO THE ROOM
[2018/6/23 下午 12:27:26]Aitay INTO THE ROOM
[2020/1/14 下午 10:50:32]JIE INTO THE ROOM
[2020/1/14 下午 10:50:35]Unknown INTO THE ROOM
[2020/1/14 下午 10:50:38]Enter Name INTO THE ROOM
[2020/1/14 下午 10:50:43]JIE INTO THE ROOM
[2020/1/14 下午 10:50:46]Aitay INTO THE ROOM
[2020/1/14 下午 10:50:50]Enter Name INTO THE ROOM
[2020/1/14 下午 10:50:57]Unknown INTO THE ROOM
[2020/1/14 下午 10:51:02]Enter Name INTO THE ROOM
[2020/1/14 下午 10:51:04]JIE INTO THE ROOM
[2020/1/14 下午 10:51:07]Aitay INTO THE ROOM
